<?xml version="1.0" encoding="UTF-8"?>
<!-- Generated by org.testng.reporters.JUnitReportReporter -->
<testsuite skipped="0" hostname="LAPTOP-CLOT88RP" name="DummyTest" tests="1" failures="0" timestamp="2022-04-02T14:45:08 EDT" time="0.000" errors="0">
  <testcase name="dummyTestcase" time="0.000" classname="DummyTest"/>
  <system-out/>
</testsuite> <!-- DummyTest -->
