<?xml version="1.0" encoding="UTF-8"?>
<!-- Generated by org.testng.reporters.JUnitReportReporter -->
<testsuite skipped="0" hostname="LAPTOP-CLOT88RP" name="CalculatorTest" tests="2" failures="0" timestamp="2022-04-02T14:45:08 EDT" time="0.002" errors="0">
  <testcase name="sumTest" time="0.000" classname="CalculatorTest"/>
  <system-out/>
  <testcase name="MultiplyTest" time="0.002" classname="CalculatorTest"/>
  <system-out/>
</testsuite> <!-- CalculatorTest -->
